2025-10-10 10:42:03,600 - biometric_gesture_system - INFO - [config_manager.py:504] - Validación de configuración: ✓ EXITOSA
2025-10-10 10:42:03,600 - biometric_gesture_system - INFO - [config_manager.py:317] - ================================================================================
2025-10-10 10:42:03,600 - biometric_gesture_system - INFO - [config_manager.py:318] - SISTEMA BIOMÉTRICO DE GESTOS DE MANOS - CONFIG MANAGER INICIALIZADO
2025-10-10 10:42:03,600 - biometric_gesture_system - INFO - [config_manager.py:319] - ================================================================================
2025-10-10 10:42:03,601 - biometric_gesture_system - INFO - [config_manager.py:320] - Configuración cargada desde: biometric_config.json
2025-10-10 10:42:03,601 - biometric_gesture_system - INFO - [config_manager.py:321] - Muestras por gesto: 7
2025-10-10 10:42:03,601 - biometric_gesture_system - INFO - [config_manager.py:322] - Gestos por usuario: 3
2025-10-10 10:42:03,601 - biometric_gesture_system - INFO - [config_manager.py:323] - Umbral confianza mano: 0.9
2025-10-10 10:42:03,601 - biometric_gesture_system - INFO - [config_manager.py:324] - Umbral confianza gesto: 0.6
2025-10-10 10:42:03,601 - biometric_gesture_system - INFO - [config_manager.py:325] - Resolución cámara: 1280x720
2025-10-10 10:42:03,601 - biometric_gesture_system - INFO - [config_manager.py:326] - Directorios creados: 11 rutas configuradas
2025-10-10 10:42:03,601 - biometric_gesture_system - INFO - [config_manager.py:327] - ================================================================================
2025-10-10 10:42:03,601 - biometric_gesture_system - INFO - [config_manager.py:614] - ======================================================================
2025-10-10 10:42:03,601 - biometric_gesture_system - INFO - [config_manager.py:614] - ROI NORMALIZATION SYSTEM INICIALIZADO
2025-10-10 10:42:03,601 - biometric_gesture_system - INFO - [config_manager.py:614] -   ✓ Resolución mínima: 150px
2025-10-10 10:42:03,601 - biometric_gesture_system - INFO - [config_manager.py:614] -   ✓ Resolución máxima: 600px
2025-10-10 10:42:03,601 - biometric_gesture_system - INFO - [config_manager.py:614] -   ✓ Tamaño normalizado: (224, 224)
2025-10-10 10:42:03,601 - biometric_gesture_system - INFO - [config_manager.py:614] -   ✓ Padding: 15%
2025-10-10 10:42:03,601 - biometric_gesture_system - INFO - [config_manager.py:614] -   ✓ Sharpening: ACTIVADO
2025-10-10 10:42:03,601 - biometric_gesture_system - INFO - [config_manager.py:614] - ======================================================================
2025-10-10 10:42:29,209 - biometric_gesture_system - WARNING - [config_manager.py:349] - Clave de configuración no encontrada: biometric.score_fusion, usando default: {'fusion_strategy': 'weighted_average', 'calibration_method': 'none', 'weight_optimization': 'grid_search', 'anatomical_weight': 0.6, 'dynamic_weight': 0.4, 'decision_threshold': 0.5, 'use_confidence_weighting': True, 'adaptive_threshold': False, 'cross_validation_folds': 5, 'optimization_metric': 'eer'}
