2025-10-09 19:54:17,327 - biometric_gesture_system - INFO - [config_manager.py:504] - Validación de configuración: ✓ EXITOSA
2025-10-09 19:54:17,329 - biometric_gesture_system - INFO - [config_manager.py:317] - ================================================================================
2025-10-09 19:54:17,329 - biometric_gesture_system - INFO - [config_manager.py:318] - SISTEMA BIOMÉTRICO DE GESTOS DE MANOS - CONFIG MANAGER INICIALIZADO
2025-10-09 19:54:17,330 - biometric_gesture_system - INFO - [config_manager.py:319] - ================================================================================
2025-10-09 19:54:17,331 - biometric_gesture_system - INFO - [config_manager.py:320] - Configuración cargada desde: biometric_config.json
2025-10-09 19:54:17,331 - biometric_gesture_system - INFO - [config_manager.py:321] - Muestras por gesto: 7
2025-10-09 19:54:17,331 - biometric_gesture_system - INFO - [config_manager.py:322] - Gestos por usuario: 3
2025-10-09 19:54:17,331 - biometric_gesture_system - INFO - [config_manager.py:323] - Umbral confianza mano: 0.9
2025-10-09 19:54:17,331 - biometric_gesture_system - INFO - [config_manager.py:324] - Umbral confianza gesto: 0.6
2025-10-09 19:54:17,331 - biometric_gesture_system - INFO - [config_manager.py:325] - Resolución cámara: 1280x720
2025-10-09 19:54:17,331 - biometric_gesture_system - INFO - [config_manager.py:326] - Directorios creados: 11 rutas configuradas
2025-10-09 19:54:17,331 - biometric_gesture_system - INFO - [config_manager.py:327] - ================================================================================
2025-10-09 19:54:17,331 - biometric_gesture_system - INFO - [config_manager.py:614] - ======================================================================
2025-10-09 19:54:17,331 - biometric_gesture_system - INFO - [config_manager.py:614] - ROI NORMALIZATION SYSTEM INICIALIZADO
2025-10-09 19:54:17,336 - biometric_gesture_system - INFO - [config_manager.py:614] -   ✓ Resolución mínima: 150px
2025-10-09 19:54:17,336 - biometric_gesture_system - INFO - [config_manager.py:614] -   ✓ Resolución máxima: 600px
2025-10-09 19:54:17,336 - biometric_gesture_system - INFO - [config_manager.py:614] -   ✓ Tamaño normalizado: (224, 224)
2025-10-09 19:54:17,338 - biometric_gesture_system - INFO - [config_manager.py:614] -   ✓ Padding: 15%
2025-10-09 19:54:17,338 - biometric_gesture_system - INFO - [config_manager.py:614] -   ✓ Sharpening: ACTIVADO
2025-10-09 19:54:17,338 - biometric_gesture_system - INFO - [config_manager.py:614] - ======================================================================
2025-10-09 19:55:04,171 - biometric_gesture_system - WARNING - [config_manager.py:349] - Clave de configuración no encontrada: biometric.dynamic_features, usando default: {'min_transition_frames': 8, 'max_transition_frames': 40, 'gesture_stability_threshold': 5, 'velocity_smoothing_window': 3, 'min_movement_threshold': 0.005, 'transition_detection_sensitivity': 0.85, 'temporal_downsampling': 1, 'normalize_temporal_features': True, 'use_3d_trajectories': True, 'velocity_threshold_percentile': 75, 'acceleration_smoothing': True, 'jerk_threshold': 0.1, 'minimum_sequence_duration_ms': 200}
