2025-10-26 17:33:00,862 - biometric_gesture_system - INFO - [config_manager.py:504] - Validación de configuración: ✓ EXITOSA
2025-10-26 17:33:00,862 - biometric_gesture_system - INFO - [config_manager.py:317] - ================================================================================
2025-10-26 17:33:00,862 - biometric_gesture_system - INFO - [config_manager.py:318] - SISTEMA BIOMÉTRICO DE GESTOS DE MANOS - CONFIG MANAGER INICIALIZADO
2025-10-26 17:33:00,862 - biometric_gesture_system - INFO - [config_manager.py:319] - ================================================================================
2025-10-26 17:33:00,862 - biometric_gesture_system - INFO - [config_manager.py:320] - Configuración cargada desde: biometric_config.json
2025-10-26 17:33:00,862 - biometric_gesture_system - INFO - [config_manager.py:321] - Muestras por gesto: 7
2025-10-26 17:33:00,862 - biometric_gesture_system - INFO - [config_manager.py:322] - Gestos por usuario: 3
2025-10-26 17:33:00,862 - biometric_gesture_system - INFO - [config_manager.py:323] - Umbral confianza mano: 0.9
2025-10-26 17:33:00,862 - biometric_gesture_system - INFO - [config_manager.py:324] - Umbral confianza gesto: 0.6
2025-10-26 17:33:00,862 - biometric_gesture_system - INFO - [config_manager.py:325] - Resolución cámara: 1280x720
2025-10-26 17:33:00,866 - biometric_gesture_system - INFO - [config_manager.py:326] - Directorios creados: 11 rutas configuradas
2025-10-26 17:33:00,866 - biometric_gesture_system - INFO - [config_manager.py:327] - ================================================================================
2025-10-26 17:33:01,406 - biometric_gesture_system - INFO - [config_manager.py:630] - ======================================================================
2025-10-26 17:33:01,406 - biometric_gesture_system - INFO - [config_manager.py:630] - ROI NORMALIZATION SYSTEM INICIALIZADO
2025-10-26 17:33:01,406 - biometric_gesture_system - INFO - [config_manager.py:630] -   ✓ Resolución mínima: 150px
2025-10-26 17:33:01,406 - biometric_gesture_system - INFO - [config_manager.py:630] -   ✓ Resolución máxima: 600px
2025-10-26 17:33:01,406 - biometric_gesture_system - INFO - [config_manager.py:630] -   ✓ Tamaño normalizado: (224, 224)
2025-10-26 17:33:01,408 - biometric_gesture_system - INFO - [config_manager.py:630] -   ✓ Padding: 15%
2025-10-26 17:33:01,408 - biometric_gesture_system - INFO - [config_manager.py:630] -   ✓ Sharpening: ACTIVADO
2025-10-26 17:33:01,408 - biometric_gesture_system - INFO - [config_manager.py:630] - ======================================================================
2025-10-26 17:33:01,408 - biometric_gesture_system - INFO - [visual_feedback.py:62] - ======================================================================
2025-10-26 17:33:01,408 - biometric_gesture_system - INFO - [visual_feedback.py:63] - VISUAL FEEDBACK MANAGER INICIALIZADO
2025-10-26 17:33:01,408 - biometric_gesture_system - INFO - [visual_feedback.py:64] -   ✓ 5 niveles de feedback configurados
2025-10-26 17:33:01,408 - biometric_gesture_system - INFO - [visual_feedback.py:65] -   ✓ Colores BGR definidos
2025-10-26 17:33:01,408 - biometric_gesture_system - INFO - [visual_feedback.py:66] -   ✓ Sistema de priorización activo
2025-10-26 17:33:01,409 - biometric_gesture_system - INFO - [visual_feedback.py:67] - ======================================================================
2025-10-26 17:33:21,352 - biometric_gesture_system - WARNING - [config_manager.py:349] - Clave de configuración no encontrada: roi_normalization.enabled, usando default: True
2025-10-26 17:33:21,352 - biometric_gesture_system - WARNING - [config_manager.py:349] - Clave de configuración no encontrada: roi_normalization.enabled, usando default: True
2025-10-26 17:33:21,352 - biometric_gesture_system - WARNING - [config_manager.py:349] - Clave de configuración no encontrada: roi_normalization.use_single_area, usando default: True
2025-10-26 17:33:21,352 - biometric_gesture_system - WARNING - [config_manager.py:349] - Clave de configuración no encontrada: biometric.dynamic_features, usando default: {'min_transition_frames': 8, 'max_transition_frames': 40, 'gesture_stability_threshold': 5, 'velocity_smoothing_window': 3, 'min_movement_threshold': 0.005, 'transition_detection_sensitivity': 0.85, 'temporal_downsampling': 1, 'normalize_temporal_features': True, 'use_3d_trajectories': True, 'velocity_threshold_percentile': 75, 'acceleration_smoothing': True, 'jerk_threshold': 0.1, 'minimum_sequence_duration_ms': 200}
2025-10-26 17:33:21,352 - biometric_gesture_system - WARNING - [config_manager.py:349] - Clave de configuración no encontrada: biometric.sequence_management, usando default: {'sequence_length': 3, 'max_sequence_duration': 60.0, 'max_gesture_duration': 15.0, 'min_gesture_confidence': 0.7, 'min_stable_frames': 3, 'gesture_timeout': 10.0, 'sequence_timeout': 45.0, 'max_failed_attempts': 3, 'cooldown_period': 5.0, 'auto_save_sequences': True, 'validation_mode': 'moderate', 'allow_gesture_skipping': False, 'require_exact_order': True, 'enable_adaptive_timeouts': True}
2025-10-26 17:33:21,352 - biometric_gesture_system - WARNING - [config_manager.py:349] - Clave de configuración no encontrada: biometric.enrollment.samples_per_gesture, usando default: 8
2025-10-26 17:33:21,352 - biometric_gesture_system - WARNING - [config_manager.py:349] - Clave de configuración no encontrada: biometric.enrollment.min_confidence, usando default: 0.65
2025-10-26 17:33:21,352 - biometric_gesture_system - WARNING - [config_manager.py:349] - Clave de configuración no encontrada: biometric.enrollment.min_stability_frames, usando default: 8
2025-10-26 17:33:21,352 - biometric_gesture_system - WARNING - [config_manager.py:349] - Clave de configuración no encontrada: biometric.enrollment.require_all_gestures, usando default: True
2025-10-26 17:33:21,352 - biometric_gesture_system - WARNING - [config_manager.py:349] - Clave de configuración no encontrada: biometric.enrollment.sample_timeout, usando default: 120.0
2025-10-26 17:33:21,352 - biometric_gesture_system - WARNING - [config_manager.py:349] - Clave de configuración no encontrada: biometric.enrollment.session_timeout, usando default: 3600.0
2025-10-26 17:33:21,352 - biometric_gesture_system - WARNING - [config_manager.py:349] - Clave de configuración no encontrada: biometric.enrollment.capture_interval, usando default: 0.8
2025-10-26 17:33:21,352 - biometric_gesture_system - WARNING - [config_manager.py:349] - Clave de configuración no encontrada: biometric.enrollment.enable_quality_check, usando default: True
2025-10-26 17:33:21,352 - biometric_gesture_system - WARNING - [config_manager.py:349] - Clave de configuración no encontrada: biometric.enrollment.enable_duplicate_check, usando default: True
2025-10-26 17:33:21,352 - biometric_gesture_system - WARNING - [config_manager.py:349] - Clave de configuración no encontrada: biometric.enrollment.duplicate_threshold, usando default: 0.92
2025-10-26 17:33:21,352 - biometric_gesture_system - WARNING - [config_manager.py:349] - Clave de configuración no encontrada: biometric.enrollment.template_fusion_strategy, usando default: average
2025-10-26 17:33:21,352 - biometric_gesture_system - WARNING - [config_manager.py:349] - Clave de configuración no encontrada: biometric.enrollment.enable_template_optimization, usando default: True
2025-10-26 17:33:21,352 - biometric_gesture_system - WARNING - [config_manager.py:349] - Clave de configuración no encontrada: biometric.enrollment.embedding_dimension_check, usando default: True
2025-10-26 17:33:21,360 - biometric_gesture_system - WARNING - [config_manager.py:349] - Clave de configuración no encontrada: biometric.enrollment.show_preview, usando default: True
2025-10-26 17:33:21,360 - biometric_gesture_system - WARNING - [config_manager.py:349] - Clave de configuración no encontrada: biometric.enrollment.show_quality_feedback, usando default: False
2025-10-26 17:33:21,360 - biometric_gesture_system - WARNING - [config_manager.py:349] - Clave de configuración no encontrada: biometric.enrollment.save_enrollment_video, usando default: False
2025-10-26 17:33:21,360 - biometric_gesture_system - WARNING - [config_manager.py:349] - Clave de configuración no encontrada: biometric.siamese_anatomical, usando default: {'hidden_layers': [128, 64], 'activation': 'relu', 'dropout_rate': 0.2, 'batch_normalization': True, 'l2_regularization': 0.001, 'learning_rate': 0.001, 'batch_size': 32, 'epochs': 100, 'patience': 15, 'validation_split': 0.2, 'min_users_for_training': 2, 'min_samples_per_user': 15, 'max_samples_per_user': 50, 'min_sessions_per_user': 1, 'loss_function': 'contrastive', 'distance_metric': 'euclidean', 'margin': 1.5, 'alpha': 0.2, 'use_stratified_split': True, 'cross_validation_folds': 5, 'threshold_optimization': 'eer', 'quality_threshold': 80.0, 'use_real_augmentation': True, 'temporal_jitter': 0.02, 'noise_from_real_variance': True, 'require_independent_test': True, 'min_test_users': 1, 'performance_monitoring': True}
2025-10-26 17:33:21,364 - biometric_gesture_system - WARNING - [config_manager.py:349] - Clave de configuración no encontrada: biometric.feature_preprocessing, usando default: {'anatomical_normalization': 'robust', 'dynamic_normalization': 'standard', 'normalize_per_user': False, 'balancing_method': 'balanced_subsample', 'target_balance_ratio': 1.0, 'augmentation_strategy': 'moderate', 'augmentation_factor': 1.5, 'cv_folds': 5, 'cv_strategy': 'stratified_user', 'test_size': 0.2, 'validation_size': 0.2, 'outlier_threshold': 3.0, 'min_samples_per_user': 5, 'feature_selection': False, 'variance_threshold': 0.01, 'cache_transformations': True, 'parallel_processing': False, 'random_state': 42, 'stratify_by_user': True}
2025-10-26 17:33:21,368 - biometric_gesture_system - WARNING - [system_manager.py:450] - ⚠️ Las redes necesitan entrenamiento
2025-10-26 17:33:21,369 - biometric_gesture_system - WARNING - [system_manager.py:259] - ⚠️ NIVEL 3 PARCIAL: Redes necesitan entrenamiento
2025-10-26 17:33:21,369 - biometric_gesture_system - WARNING - [system_manager.py:466] - ⚠️ Redes no entrenadas - Autenticación no disponible aún
2025-10-26 17:33:33,237 - biometric_gesture_system - INFO - [config_manager.py:630] - 🔍 BUSCANDO datos temporales REALES desde metadata de muestra...
2025-10-26 17:33:34,979 - biometric_gesture_system - INFO - [config_manager.py:630] - 🔍 BUSCANDO datos temporales REALES desde metadata de muestra...
2025-10-26 17:33:36,804 - biometric_gesture_system - INFO - [config_manager.py:630] - 🔍 BUSCANDO datos temporales REALES desde metadata de muestra...
2025-10-26 17:33:38,648 - biometric_gesture_system - INFO - [config_manager.py:630] - 🔍 BUSCANDO datos temporales REALES desde metadata de muestra...
2025-10-26 17:33:40,256 - biometric_gesture_system - INFO - [config_manager.py:630] - 🔍 BUSCANDO datos temporales REALES desde metadata de muestra...
2025-10-26 17:33:41,882 - biometric_gesture_system - INFO - [config_manager.py:630] - 🔍 BUSCANDO datos temporales REALES desde metadata de muestra...
2025-10-26 17:33:43,451 - biometric_gesture_system - INFO - [config_manager.py:630] - 🔍 BUSCANDO datos temporales REALES desde metadata de muestra...
2025-10-26 17:33:45,249 - biometric_gesture_system - INFO - [config_manager.py:630] - 🔍 BUSCANDO datos temporales REALES desde metadata de muestra...
2025-10-26 17:33:47,549 - biometric_gesture_system - INFO - [config_manager.py:630] - 🔍 BUSCANDO datos temporales REALES desde metadata de muestra...
2025-10-26 17:33:49,537 - biometric_gesture_system - INFO - [config_manager.py:630] - 🔍 BUSCANDO datos temporales REALES desde metadata de muestra...
2025-10-26 17:33:51,148 - biometric_gesture_system - INFO - [config_manager.py:630] - 🔍 BUSCANDO datos temporales REALES desde metadata de muestra...
2025-10-26 17:33:52,948 - biometric_gesture_system - INFO - [config_manager.py:630] - 🔍 BUSCANDO datos temporales REALES desde metadata de muestra...
2025-10-26 17:33:54,782 - biometric_gesture_system - INFO - [config_manager.py:630] - 🔍 BUSCANDO datos temporales REALES desde metadata de muestra...
2025-10-26 17:33:56,372 - biometric_gesture_system - INFO - [config_manager.py:630] - 🔍 BUSCANDO datos temporales REALES desde metadata de muestra...
2025-10-26 17:33:57,944 - biometric_gesture_system - INFO - [config_manager.py:630] - 🔍 BUSCANDO datos temporales REALES desde metadata de muestra...
2025-10-26 17:33:59,578 - biometric_gesture_system - INFO - [config_manager.py:630] - 🔍 BUSCANDO datos temporales REALES desde metadata de muestra...
2025-10-26 17:34:01,848 - biometric_gesture_system - INFO - [config_manager.py:630] - 🔍 BUSCANDO datos temporales REALES desde metadata de muestra...
2025-10-26 17:34:03,597 - biometric_gesture_system - INFO - [config_manager.py:630] - 🔍 BUSCANDO datos temporales REALES desde metadata de muestra...
2025-10-26 17:34:05,308 - biometric_gesture_system - INFO - [config_manager.py:630] - 🔍 BUSCANDO datos temporales REALES desde metadata de muestra...
2025-10-26 17:34:07,023 - biometric_gesture_system - INFO - [config_manager.py:630] - 🔍 BUSCANDO datos temporales REALES desde metadata de muestra...
2025-10-26 17:34:08,750 - biometric_gesture_system - INFO - [config_manager.py:630] - 🔍 BUSCANDO datos temporales REALES desde metadata de muestra...
2025-10-26 17:34:10,526 - biometric_gesture_system - INFO - [config_manager.py:630] - 🔍 BUSCANDO datos temporales REALES desde metadata de muestra...
2025-10-26 17:34:12,343 - biometric_gesture_system - INFO - [config_manager.py:630] - 🔍 BUSCANDO datos temporales REALES desde metadata de muestra...
2025-10-26 17:34:13,854 - biometric_gesture_system - INFO - [config_manager.py:630] - 🔍 BUSCANDO datos temporales REALES desde metadata de muestra...
2025-10-26 17:34:15,468 - biometric_gesture_system - INFO - [config_manager.py:630] - 🔍 BUSCANDO datos temporales REALES desde metadata de muestra...
