2025-10-09 21:10:22,335 - biometric_gesture_system - INFO - [config_manager.py:504] - Validación de configuración: ✓ EXITOSA
2025-10-09 21:10:22,335 - biometric_gesture_system - INFO - [config_manager.py:317] - ================================================================================
2025-10-09 21:10:22,335 - biometric_gesture_system - INFO - [config_manager.py:318] - SISTEMA BIOMÉTRICO DE GESTOS DE MANOS - CONFIG MANAGER INICIALIZADO
2025-10-09 21:10:22,335 - biometric_gesture_system - INFO - [config_manager.py:319] - ================================================================================
2025-10-09 21:10:22,335 - biometric_gesture_system - INFO - [config_manager.py:320] - Configuración cargada desde: biometric_config.json
2025-10-09 21:10:22,338 - biometric_gesture_system - INFO - [config_manager.py:321] - Muestras por gesto: 7
2025-10-09 21:10:22,338 - biometric_gesture_system - INFO - [config_manager.py:322] - Gestos por usuario: 3
2025-10-09 21:10:22,338 - biometric_gesture_system - INFO - [config_manager.py:323] - Umbral confianza mano: 0.9
2025-10-09 21:10:22,338 - biometric_gesture_system - INFO - [config_manager.py:324] - Umbral confianza gesto: 0.6
2025-10-09 21:10:22,338 - biometric_gesture_system - INFO - [config_manager.py:325] - Resolución cámara: 1280x720
2025-10-09 21:10:22,338 - biometric_gesture_system - INFO - [config_manager.py:326] - Directorios creados: 11 rutas configuradas
2025-10-09 21:10:22,338 - biometric_gesture_system - INFO - [config_manager.py:327] - ================================================================================
2025-10-09 21:10:22,338 - biometric_gesture_system - INFO - [config_manager.py:614] - ======================================================================
2025-10-09 21:10:22,338 - biometric_gesture_system - INFO - [config_manager.py:614] - ROI NORMALIZATION SYSTEM INICIALIZADO
2025-10-09 21:10:22,338 - biometric_gesture_system - INFO - [config_manager.py:614] -   ✓ Resolución mínima: 150px
2025-10-09 21:10:22,338 - biometric_gesture_system - INFO - [config_manager.py:614] -   ✓ Resolución máxima: 600px
2025-10-09 21:10:22,338 - biometric_gesture_system - INFO - [config_manager.py:614] -   ✓ Tamaño normalizado: (224, 224)
2025-10-09 21:10:22,338 - biometric_gesture_system - INFO - [config_manager.py:614] -   ✓ Padding: 15%
2025-10-09 21:10:22,338 - biometric_gesture_system - INFO - [config_manager.py:614] -   ✓ Sharpening: ACTIVADO
2025-10-09 21:10:22,338 - biometric_gesture_system - INFO - [config_manager.py:614] - ======================================================================
2025-10-09 21:10:46,581 - biometric_gesture_system - WARNING - [config_manager.py:349] - Clave de configuración no encontrada: biometric.sequence_management, usando default: {'sequence_length': 3, 'max_sequence_duration': 60.0, 'max_gesture_duration': 15.0, 'min_gesture_confidence': 0.7, 'min_stable_frames': 3, 'gesture_timeout': 10.0, 'sequence_timeout': 45.0, 'max_failed_attempts': 3, 'cooldown_period': 5.0, 'auto_save_sequences': True, 'validation_mode': 'moderate', 'allow_gesture_skipping': False, 'require_exact_order': True, 'enable_adaptive_timeouts': True}
