2025-10-23 20:14:07,978 - biometric_gesture_system - INFO - [config_manager.py:504] - Validación de configuración: ✓ EXITOSA
2025-10-23 20:14:07,979 - biometric_gesture_system - INFO - [config_manager.py:317] - ================================================================================
2025-10-23 20:14:07,979 - biometric_gesture_system - INFO - [config_manager.py:318] - SISTEMA BIOMÉTRICO DE GESTOS DE MANOS - CONFIG MANAGER INICIALIZADO
2025-10-23 20:14:07,979 - biometric_gesture_system - INFO - [config_manager.py:319] - ================================================================================
2025-10-23 20:14:07,979 - biometric_gesture_system - INFO - [config_manager.py:320] - Configuración cargada desde: biometric_config.json
2025-10-23 20:14:07,980 - biometric_gesture_system - INFO - [config_manager.py:321] - Muestras por gesto: 7
2025-10-23 20:14:07,980 - biometric_gesture_system - INFO - [config_manager.py:322] - Gestos por usuario: 3
2025-10-23 20:14:07,980 - biometric_gesture_system - INFO - [config_manager.py:323] - Umbral confianza mano: 0.9
2025-10-23 20:14:07,980 - biometric_gesture_system - INFO - [config_manager.py:324] - Umbral confianza gesto: 0.6
2025-10-23 20:14:07,980 - biometric_gesture_system - INFO - [config_manager.py:325] - Resolución cámara: 1280x720
2025-10-23 20:14:07,980 - biometric_gesture_system - INFO - [config_manager.py:326] - Directorios creados: 11 rutas configuradas
2025-10-23 20:14:07,980 - biometric_gesture_system - INFO - [config_manager.py:327] - ================================================================================
2025-10-23 20:14:08,224 - biometric_gesture_system - INFO - [config_manager.py:630] - ======================================================================
2025-10-23 20:14:08,225 - biometric_gesture_system - INFO - [config_manager.py:630] - ROI NORMALIZATION SYSTEM INICIALIZADO
2025-10-23 20:14:08,225 - biometric_gesture_system - INFO - [config_manager.py:630] -   ✓ Resolución mínima: 150px
2025-10-23 20:14:08,225 - biometric_gesture_system - INFO - [config_manager.py:630] -   ✓ Resolución máxima: 600px
2025-10-23 20:14:08,225 - biometric_gesture_system - INFO - [config_manager.py:630] -   ✓ Tamaño normalizado: (224, 224)
2025-10-23 20:14:08,225 - biometric_gesture_system - INFO - [config_manager.py:630] -   ✓ Padding: 15%
2025-10-23 20:14:08,225 - biometric_gesture_system - INFO - [config_manager.py:630] -   ✓ Sharpening: ACTIVADO
2025-10-23 20:14:08,225 - biometric_gesture_system - INFO - [config_manager.py:630] - ======================================================================
2025-10-23 20:14:08,226 - biometric_gesture_system - INFO - [visual_feedback.py:62] - ======================================================================
2025-10-23 20:14:08,226 - biometric_gesture_system - INFO - [visual_feedback.py:63] - VISUAL FEEDBACK MANAGER INICIALIZADO
2025-10-23 20:14:08,226 - biometric_gesture_system - INFO - [visual_feedback.py:64] -   ✓ 5 niveles de feedback configurados
2025-10-23 20:14:08,226 - biometric_gesture_system - INFO - [visual_feedback.py:65] -   ✓ Colores BGR definidos
2025-10-23 20:14:08,226 - biometric_gesture_system - INFO - [visual_feedback.py:66] -   ✓ Sistema de priorización activo
2025-10-23 20:14:08,226 - biometric_gesture_system - INFO - [visual_feedback.py:67] - ======================================================================
2025-10-23 20:14:08,227 - biometric_gesture_system - INFO - [system_manager.py:135] - ================================================================================
2025-10-23 20:14:08,227 - biometric_gesture_system - INFO - [system_manager.py:136] - 🚀 BiometricSystemManager v2.0.0 Real Edition Iniciado
2025-10-23 20:14:08,228 - biometric_gesture_system - INFO - [system_manager.py:137] - 🏗️  Arquitectura: 15 Módulos + Main | 4 Capas Funcionales
2025-10-23 20:14:08,228 - biometric_gesture_system - INFO - [system_manager.py:138] - 🎯 Características: Redes siamesas, fusión multimodal, templates biométricos
2025-10-23 20:14:08,229 - biometric_gesture_system - INFO - [system_manager.py:139] - ================================================================================
2025-10-23 20:14:08,229 - biometric_gesture_system - INFO - [system_manager.py:191] - 
================================================================================
2025-10-23 20:14:08,229 - biometric_gesture_system - INFO - [system_manager.py:192] - 🔧 INICIANDO INICIALIZACIÓN PROGRESIVA DEL SISTEMA
2025-10-23 20:14:08,229 - biometric_gesture_system - INFO - [system_manager.py:193] - ================================================================================
2025-10-23 20:14:08,229 - biometric_gesture_system - INFO - [system_manager.py:153] - VERIFICANDO MÓDULOS DEL SISTEMA...
2025-10-23 20:14:08,230 - biometric_gesture_system - INFO - [system_manager.py:154] - ================================================================================
2025-10-23 20:14:08,230 - biometric_gesture_system - INFO - [system_manager.py:163] - ✅ ConfigManager
2025-10-23 20:14:08,230 - biometric_gesture_system - INFO - [system_manager.py:163] - ✅ CameraManager
2025-10-23 20:14:08,230 - biometric_gesture_system - INFO - [system_manager.py:163] - ✅ MediaPipeProcessor
2025-10-23 20:14:08,230 - biometric_gesture_system - INFO - [system_manager.py:163] - ✅ QualityValidator
2025-10-23 20:14:08,230 - biometric_gesture_system - INFO - [system_manager.py:163] - ✅ ReferenceAreaManager
2025-10-23 20:14:08,230 - biometric_gesture_system - INFO - [system_manager.py:163] - ✅ AnatomicalFeaturesExtractor
2025-10-23 20:14:08,231 - biometric_gesture_system - INFO - [system_manager.py:163] - ✅ RealDynamicFeaturesExtractor
2025-10-23 20:14:08,231 - biometric_gesture_system - INFO - [system_manager.py:163] - ✅ SequenceManager
2025-10-23 20:14:08,231 - biometric_gesture_system - INFO - [system_manager.py:163] - ✅ RealSiameseAnatomicalNetwork
2025-10-23 20:14:08,231 - biometric_gesture_system - INFO - [system_manager.py:163] - ✅ RealSiameseDynamicNetwork
2025-10-23 20:14:08,231 - biometric_gesture_system - INFO - [system_manager.py:163] - ✅ RealFeaturePreprocessor
2025-10-23 20:14:08,231 - biometric_gesture_system - INFO - [system_manager.py:163] - ✅ RealScoreFusionSystem
2025-10-23 20:14:08,231 - biometric_gesture_system - INFO - [system_manager.py:163] - ✅ BiometricDatabase
2025-10-23 20:14:08,231 - biometric_gesture_system - INFO - [system_manager.py:163] - ✅ RealEnrollmentSystem
2025-10-23 20:14:08,231 - biometric_gesture_system - INFO - [system_manager.py:163] - ✅ RealAuthenticationSystem
2025-10-23 20:14:08,231 - biometric_gesture_system - INFO - [system_manager.py:173] - 
✅ TODOS LOS 15 MÓDULOS DISPONIBLES
2025-10-23 20:14:08,231 - biometric_gesture_system - INFO - [system_manager.py:179] - ================================================================================
2025-10-23 20:14:08,231 - biometric_gesture_system - INFO - [system_manager.py:205] - 
🔧 NIVEL 1: Inicializando Componentes Básicos
2025-10-23 20:14:08,233 - biometric_gesture_system - INFO - [system_manager.py:206] - --------------------------------------------------------------------------------
2025-10-23 20:14:08,233 - biometric_gesture_system - INFO - [system_manager.py:283] - Inicializando Base de Datos...
2025-10-23 20:14:09,016 - biometric_gesture_system - INFO - [system_manager.py:293] - ✅ Base de datos lista: 1 usuarios registrados
2025-10-23 20:14:09,045 - biometric_gesture_system - INFO - [system_manager.py:213] - ✅ NIVEL 1 COMPLETADO: Componentes básicos listos

2025-10-23 20:14:09,046 - biometric_gesture_system - INFO - [system_manager.py:218] - 📊 NIVEL 2: Inicializando Extractores de Características
2025-10-23 20:14:09,046 - biometric_gesture_system - INFO - [system_manager.py:219] - --------------------------------------------------------------------------------
2025-10-23 20:14:09,046 - biometric_gesture_system - INFO - [system_manager.py:315] - Inicializando Sistema de Enrollment...
2025-10-23 20:14:09,046 - biometric_gesture_system - WARNING - [config_manager.py:349] - Clave de configuración no encontrada: biometric.enrollment.samples_per_gesture, usando default: 8
2025-10-23 20:14:09,046 - biometric_gesture_system - WARNING - [config_manager.py:349] - Clave de configuración no encontrada: biometric.enrollment.min_confidence, usando default: 0.65
2025-10-23 20:14:09,046 - biometric_gesture_system - WARNING - [config_manager.py:349] - Clave de configuración no encontrada: biometric.enrollment.min_stability_frames, usando default: 8
2025-10-23 20:14:09,046 - biometric_gesture_system - WARNING - [config_manager.py:349] - Clave de configuración no encontrada: biometric.enrollment.require_all_gestures, usando default: True
2025-10-23 20:14:09,047 - biometric_gesture_system - WARNING - [config_manager.py:349] - Clave de configuración no encontrada: biometric.enrollment.sample_timeout, usando default: 120.0
2025-10-23 20:14:09,047 - biometric_gesture_system - WARNING - [config_manager.py:349] - Clave de configuración no encontrada: biometric.enrollment.session_timeout, usando default: 3600.0
2025-10-23 20:14:09,047 - biometric_gesture_system - WARNING - [config_manager.py:349] - Clave de configuración no encontrada: biometric.enrollment.capture_interval, usando default: 0.8
2025-10-23 20:14:09,047 - biometric_gesture_system - WARNING - [config_manager.py:349] - Clave de configuración no encontrada: biometric.enrollment.enable_quality_check, usando default: True
2025-10-23 20:14:09,047 - biometric_gesture_system - WARNING - [config_manager.py:349] - Clave de configuración no encontrada: biometric.enrollment.enable_duplicate_check, usando default: True
2025-10-23 20:14:09,047 - biometric_gesture_system - WARNING - [config_manager.py:349] - Clave de configuración no encontrada: biometric.enrollment.duplicate_threshold, usando default: 0.92
2025-10-23 20:14:09,048 - biometric_gesture_system - WARNING - [config_manager.py:349] - Clave de configuración no encontrada: biometric.enrollment.template_fusion_strategy, usando default: average
2025-10-23 20:14:09,048 - biometric_gesture_system - WARNING - [config_manager.py:349] - Clave de configuración no encontrada: biometric.enrollment.enable_template_optimization, usando default: True
2025-10-23 20:14:09,048 - biometric_gesture_system - WARNING - [config_manager.py:349] - Clave de configuración no encontrada: biometric.enrollment.embedding_dimension_check, usando default: True
2025-10-23 20:14:09,048 - biometric_gesture_system - WARNING - [config_manager.py:349] - Clave de configuración no encontrada: biometric.enrollment.show_preview, usando default: True
2025-10-23 20:14:09,048 - biometric_gesture_system - WARNING - [config_manager.py:349] - Clave de configuración no encontrada: biometric.enrollment.show_quality_feedback, usando default: False
2025-10-23 20:14:09,048 - biometric_gesture_system - WARNING - [config_manager.py:349] - Clave de configuración no encontrada: biometric.enrollment.save_enrollment_video, usando default: False
2025-10-23 20:14:09,048 - biometric_gesture_system - WARNING - [config_manager.py:349] - Clave de configuración no encontrada: biometric.siamese_anatomical, usando default: {'hidden_layers': [128, 64], 'activation': 'relu', 'dropout_rate': 0.2, 'batch_normalization': True, 'l2_regularization': 0.001, 'learning_rate': 0.001, 'batch_size': 32, 'epochs': 100, 'patience': 15, 'validation_split': 0.2, 'min_users_for_training': 2, 'min_samples_per_user': 15, 'max_samples_per_user': 50, 'min_sessions_per_user': 1, 'loss_function': 'contrastive', 'distance_metric': 'euclidean', 'margin': 1.5, 'alpha': 0.2, 'use_stratified_split': True, 'cross_validation_folds': 5, 'threshold_optimization': 'eer', 'quality_threshold': 80.0, 'use_real_augmentation': True, 'temporal_jitter': 0.02, 'noise_from_real_variance': True, 'require_independent_test': True, 'min_test_users': 1, 'performance_monitoring': True}
2025-10-23 20:14:19,278 - biometric_gesture_system - WARNING - [config_manager.py:349] - Clave de configuración no encontrada: roi_normalization.enabled, usando default: True
2025-10-23 20:14:19,279 - biometric_gesture_system - WARNING - [config_manager.py:349] - Clave de configuración no encontrada: roi_normalization.enabled, usando default: True
2025-10-23 20:14:19,279 - biometric_gesture_system - WARNING - [config_manager.py:349] - Clave de configuración no encontrada: roi_normalization.use_single_area, usando default: True
2025-10-23 20:14:19,279 - biometric_gesture_system - WARNING - [config_manager.py:349] - Clave de configuración no encontrada: biometric.sequence_management, usando default: {'sequence_length': 3, 'max_sequence_duration': 60.0, 'max_gesture_duration': 15.0, 'min_gesture_confidence': 0.7, 'min_stable_frames': 3, 'gesture_timeout': 10.0, 'sequence_timeout': 45.0, 'max_failed_attempts': 3, 'cooldown_period': 5.0, 'auto_save_sequences': True, 'validation_mode': 'moderate', 'allow_gesture_skipping': False, 'require_exact_order': True, 'enable_adaptive_timeouts': True}
2025-10-23 20:14:19,280 - biometric_gesture_system - WARNING - [config_manager.py:349] - Clave de configuración no encontrada: biometric.dynamic_features, usando default: {'min_transition_frames': 8, 'max_transition_frames': 40, 'gesture_stability_threshold': 5, 'velocity_smoothing_window': 3, 'min_movement_threshold': 0.005, 'transition_detection_sensitivity': 0.85, 'temporal_downsampling': 1, 'normalize_temporal_features': True, 'use_3d_trajectories': True, 'velocity_threshold_percentile': 75, 'acceleration_smoothing': True, 'jerk_threshold': 0.1, 'minimum_sequence_duration_ms': 200}
2025-10-23 20:14:19,280 - biometric_gesture_system - WARNING - [config_manager.py:349] - Clave de configuración no encontrada: biometric.feature_preprocessing, usando default: {'anatomical_normalization': 'robust', 'dynamic_normalization': 'standard', 'normalize_per_user': False, 'balancing_method': 'balanced_subsample', 'target_balance_ratio': 1.0, 'augmentation_strategy': 'moderate', 'augmentation_factor': 1.5, 'cv_folds': 5, 'cv_strategy': 'stratified_user', 'test_size': 0.2, 'validation_size': 0.2, 'outlier_threshold': 3.0, 'min_samples_per_user': 5, 'feature_selection': False, 'variance_threshold': 0.01, 'cache_transformations': True, 'parallel_processing': False, 'random_state': 42, 'stratify_by_user': True}
2025-10-23 20:14:19,280 - biometric_gesture_system - ERROR - [system_manager.py:331] - ❌ Error en extractores: 'RealEnrollmentSystem' object has no attribute 'check_bootstrap_mode'
