2025-10-09 21:31:54,267 - biometric_gesture_system - INFO - [config_manager.py:504] - Validación de configuración: ✓ EXITOSA
2025-10-09 21:31:54,268 - biometric_gesture_system - INFO - [config_manager.py:317] - ================================================================================
2025-10-09 21:31:54,268 - biometric_gesture_system - INFO - [config_manager.py:318] - SISTEMA BIOMÉTRICO DE GESTOS DE MANOS - CONFIG MANAGER INICIALIZADO
2025-10-09 21:31:54,268 - biometric_gesture_system - INFO - [config_manager.py:319] - ================================================================================
2025-10-09 21:31:54,269 - biometric_gesture_system - INFO - [config_manager.py:320] - Configuración cargada desde: biometric_config.json
2025-10-09 21:31:54,269 - biometric_gesture_system - INFO - [config_manager.py:321] - Muestras por gesto: 7
2025-10-09 21:31:54,270 - biometric_gesture_system - INFO - [config_manager.py:322] - Gestos por usuario: 3
2025-10-09 21:31:54,270 - biometric_gesture_system - INFO - [config_manager.py:323] - Umbral confianza mano: 0.9
2025-10-09 21:31:54,270 - biometric_gesture_system - INFO - [config_manager.py:324] - Umbral confianza gesto: 0.6
2025-10-09 21:31:54,270 - biometric_gesture_system - INFO - [config_manager.py:325] - Resolución cámara: 1280x720
2025-10-09 21:31:54,271 - biometric_gesture_system - INFO - [config_manager.py:326] - Directorios creados: 11 rutas configuradas
2025-10-09 21:31:54,271 - biometric_gesture_system - INFO - [config_manager.py:327] - ================================================================================
2025-10-09 21:31:54,271 - biometric_gesture_system - INFO - [config_manager.py:614] - ======================================================================
2025-10-09 21:31:54,271 - biometric_gesture_system - INFO - [config_manager.py:614] - ROI NORMALIZATION SYSTEM INICIALIZADO
2025-10-09 21:31:54,271 - biometric_gesture_system - INFO - [config_manager.py:614] -   ✓ Resolución mínima: 150px
2025-10-09 21:31:54,272 - biometric_gesture_system - INFO - [config_manager.py:614] -   ✓ Resolución máxima: 600px
2025-10-09 21:31:54,272 - biometric_gesture_system - INFO - [config_manager.py:614] -   ✓ Tamaño normalizado: (224, 224)
2025-10-09 21:31:54,272 - biometric_gesture_system - INFO - [config_manager.py:614] -   ✓ Padding: 15%
2025-10-09 21:31:54,272 - biometric_gesture_system - INFO - [config_manager.py:614] -   ✓ Sharpening: ACTIVADO
2025-10-09 21:31:54,272 - biometric_gesture_system - INFO - [config_manager.py:614] - ======================================================================
