2025-10-09 21:26:41,159 - biometric_gesture_system - INFO - [config_manager.py:504] - Validación de configuración: ✓ EXITOSA
2025-10-09 21:26:41,159 - biometric_gesture_system - INFO - [config_manager.py:317] - ================================================================================
2025-10-09 21:26:41,160 - biometric_gesture_system - INFO - [config_manager.py:318] - SISTEMA BIOMÉTRICO DE GESTOS DE MANOS - CONFIG MANAGER INICIALIZADO
2025-10-09 21:26:41,160 - biometric_gesture_system - INFO - [config_manager.py:319] - ================================================================================
2025-10-09 21:26:41,161 - biometric_gesture_system - INFO - [config_manager.py:320] - Configuración cargada desde: biometric_config.json
2025-10-09 21:26:41,162 - biometric_gesture_system - INFO - [config_manager.py:321] - Muestras por gesto: 7
2025-10-09 21:26:41,162 - biometric_gesture_system - INFO - [config_manager.py:322] - Gestos por usuario: 3
2025-10-09 21:26:41,162 - biometric_gesture_system - INFO - [config_manager.py:323] - Umbral confianza mano: 0.9
2025-10-09 21:26:41,162 - biometric_gesture_system - INFO - [config_manager.py:324] - Umbral confianza gesto: 0.6
2025-10-09 21:26:41,162 - biometric_gesture_system - INFO - [config_manager.py:325] - Resolución cámara: 1280x720
2025-10-09 21:26:41,163 - biometric_gesture_system - INFO - [config_manager.py:326] - Directorios creados: 11 rutas configuradas
2025-10-09 21:26:41,163 - biometric_gesture_system - INFO - [config_manager.py:327] - ================================================================================
2025-10-09 21:26:41,163 - biometric_gesture_system - INFO - [config_manager.py:614] - ======================================================================
2025-10-09 21:26:41,164 - biometric_gesture_system - INFO - [config_manager.py:614] - ROI NORMALIZATION SYSTEM INICIALIZADO
2025-10-09 21:26:41,164 - biometric_gesture_system - INFO - [config_manager.py:614] -   ✓ Resolución mínima: 150px
2025-10-09 21:26:41,164 - biometric_gesture_system - INFO - [config_manager.py:614] -   ✓ Resolución máxima: 600px
2025-10-09 21:26:41,165 - biometric_gesture_system - INFO - [config_manager.py:614] -   ✓ Tamaño normalizado: (224, 224)
2025-10-09 21:26:41,165 - biometric_gesture_system - INFO - [config_manager.py:614] -   ✓ Padding: 15%
2025-10-09 21:26:41,165 - biometric_gesture_system - INFO - [config_manager.py:614] -   ✓ Sharpening: ACTIVADO
2025-10-09 21:26:41,165 - biometric_gesture_system - INFO - [config_manager.py:614] - ======================================================================
2025-10-09 21:26:44,136 - biometric_gesture_system - WARNING - [config_manager.py:349] - Clave de configuración no encontrada: biometric.siamese_anatomical, usando default: {'hidden_layers': [128, 64], 'activation': 'relu', 'dropout_rate': 0.2, 'batch_normalization': True, 'l2_regularization': 0.001, 'learning_rate': 0.001, 'batch_size': 32, 'epochs': 100, 'patience': 15, 'validation_split': 0.2, 'min_users_for_training': 2, 'min_samples_per_user': 15, 'max_samples_per_user': 50, 'min_sessions_per_user': 1, 'loss_function': 'contrastive', 'distance_metric': 'euclidean', 'margin': 1.5, 'alpha': 0.2, 'use_stratified_split': True, 'cross_validation_folds': 5, 'threshold_optimization': 'eer', 'quality_threshold': 80.0, 'use_real_augmentation': True, 'temporal_jitter': 0.02, 'noise_from_real_variance': True, 'require_independent_test': True, 'min_test_users': 1, 'performance_monitoring': True}
