2025-10-23 22:14:31,119 - biometric_gesture_system - INFO - [config_manager.py:504] - Validación de configuración: ✓ EXITOSA
2025-10-23 22:14:31,119 - biometric_gesture_system - INFO - [config_manager.py:317] - ================================================================================
2025-10-23 22:14:31,119 - biometric_gesture_system - INFO - [config_manager.py:318] - SISTEMA BIOMÉTRICO DE GESTOS DE MANOS - CONFIG MANAGER INICIALIZADO
2025-10-23 22:14:31,120 - biometric_gesture_system - INFO - [config_manager.py:319] - ================================================================================
2025-10-23 22:14:31,121 - biometric_gesture_system - INFO - [config_manager.py:320] - Configuración cargada desde: biometric_config.json
2025-10-23 22:14:31,121 - biometric_gesture_system - INFO - [config_manager.py:321] - Muestras por gesto: 7
2025-10-23 22:14:31,121 - biometric_gesture_system - INFO - [config_manager.py:322] - Gestos por usuario: 3
2025-10-23 22:14:31,121 - biometric_gesture_system - INFO - [config_manager.py:323] - Umbral confianza mano: 0.9
2025-10-23 22:14:31,121 - biometric_gesture_system - INFO - [config_manager.py:324] - Umbral confianza gesto: 0.6
2025-10-23 22:14:31,121 - biometric_gesture_system - INFO - [config_manager.py:325] - Resolución cámara: 1280x720
2025-10-23 22:14:31,122 - biometric_gesture_system - INFO - [config_manager.py:326] - Directorios creados: 11 rutas configuradas
2025-10-23 22:14:31,122 - biometric_gesture_system - INFO - [config_manager.py:327] - ================================================================================
2025-10-23 22:14:31,367 - biometric_gesture_system - INFO - [config_manager.py:630] - ======================================================================
2025-10-23 22:14:31,368 - biometric_gesture_system - INFO - [config_manager.py:630] - ROI NORMALIZATION SYSTEM INICIALIZADO
2025-10-23 22:14:31,368 - biometric_gesture_system - INFO - [config_manager.py:630] -   ✓ Resolución mínima: 150px
2025-10-23 22:14:31,368 - biometric_gesture_system - INFO - [config_manager.py:630] -   ✓ Resolución máxima: 600px
2025-10-23 22:14:31,369 - biometric_gesture_system - INFO - [config_manager.py:630] -   ✓ Tamaño normalizado: (224, 224)
2025-10-23 22:14:31,369 - biometric_gesture_system - INFO - [config_manager.py:630] -   ✓ Padding: 15%
2025-10-23 22:14:31,369 - biometric_gesture_system - INFO - [config_manager.py:630] -   ✓ Sharpening: ACTIVADO
2025-10-23 22:14:31,369 - biometric_gesture_system - INFO - [config_manager.py:630] - ======================================================================
2025-10-23 22:14:31,369 - biometric_gesture_system - INFO - [visual_feedback.py:62] - ======================================================================
2025-10-23 22:14:31,370 - biometric_gesture_system - INFO - [visual_feedback.py:63] - VISUAL FEEDBACK MANAGER INICIALIZADO
2025-10-23 22:14:31,370 - biometric_gesture_system - INFO - [visual_feedback.py:64] -   ✓ 5 niveles de feedback configurados
2025-10-23 22:14:31,370 - biometric_gesture_system - INFO - [visual_feedback.py:65] -   ✓ Colores BGR definidos
2025-10-23 22:14:31,370 - biometric_gesture_system - INFO - [visual_feedback.py:66] -   ✓ Sistema de priorización activo
2025-10-23 22:14:31,370 - biometric_gesture_system - INFO - [visual_feedback.py:67] - ======================================================================
2025-10-23 22:14:31,371 - biometric_gesture_system - INFO - [system_manager.py:870] - Creando instancia Singleton de BiometricSystemManager.
2025-10-23 22:14:31,371 - biometric_gesture_system - INFO - [system_manager.py:105] - Creando nueva instancia de BiometricSystemManager v2.0.1 - Corrected Init
2025-10-23 22:14:31,371 - biometric_gesture_system - INFO - [system_manager.py:140] - ================================================================================
2025-10-23 22:14:31,371 - biometric_gesture_system - INFO - [system_manager.py:141] - 🚀 Iniciando BiometricSystemManager v2.0.1 - Corrected Init
2025-10-23 22:14:31,372 - biometric_gesture_system - INFO - [system_manager.py:142] - ================================================================================
2025-10-23 22:14:31,372 - biometric_gesture_system - INFO - [system_manager.py:149] - BiometricSystemManager __init__ completado (estructura base creada).
2025-10-23 22:14:31,372 - biometric_gesture_system - INFO - [system_manager.py:174] - 
================================================================================
2025-10-23 22:14:31,372 - biometric_gesture_system - INFO - [system_manager.py:175] - 🔧 INICIANDO INICIALIZACIÓN PROGRESIVA DEL SISTEMA
2025-10-23 22:14:31,373 - biometric_gesture_system - INFO - [system_manager.py:176] - ================================================================================
2025-10-23 22:14:31,373 - biometric_gesture_system - INFO - [system_manager.py:254] - --------------------------------------------------------------------------------
2025-10-23 22:14:31,373 - biometric_gesture_system - INFO - [system_manager.py:255] - 🔧 NIVEL 1: Inicializando Componentes Básicos
2025-10-23 22:14:31,373 - biometric_gesture_system - INFO - [system_manager.py:256] - --------------------------------------------------------------------------------
2025-10-23 22:14:31,373 - biometric_gesture_system - INFO - [system_manager.py:259] - Inicializando ConfigManager...
2025-10-23 22:14:31,377 - biometric_gesture_system - INFO - [config_manager.py:504] - Validación de configuración: ✓ EXITOSA
2025-10-23 22:14:31,377 - biometric_gesture_system - INFO - [config_manager.py:317] - ================================================================================
2025-10-23 22:14:31,377 - biometric_gesture_system - INFO - [config_manager.py:318] - SISTEMA BIOMÉTRICO DE GESTOS DE MANOS - CONFIG MANAGER INICIALIZADO
2025-10-23 22:14:31,377 - biometric_gesture_system - INFO - [config_manager.py:319] - ================================================================================
2025-10-23 22:14:31,377 - biometric_gesture_system - INFO - [config_manager.py:320] - Configuración cargada desde: biometric_config.json
2025-10-23 22:14:31,377 - biometric_gesture_system - INFO - [config_manager.py:321] - Muestras por gesto: 7
2025-10-23 22:14:31,378 - biometric_gesture_system - INFO - [config_manager.py:322] - Gestos por usuario: 3
2025-10-23 22:14:31,378 - biometric_gesture_system - INFO - [config_manager.py:323] - Umbral confianza mano: 0.9
2025-10-23 22:14:31,378 - biometric_gesture_system - INFO - [config_manager.py:324] - Umbral confianza gesto: 0.6
2025-10-23 22:14:31,378 - biometric_gesture_system - INFO - [config_manager.py:325] - Resolución cámara: 1280x720
2025-10-23 22:14:31,378 - biometric_gesture_system - INFO - [config_manager.py:326] - Directorios creados: 11 rutas configuradas
2025-10-23 22:14:31,378 - biometric_gesture_system - INFO - [config_manager.py:327] - ================================================================================
2025-10-23 22:14:31,378 - biometric_gesture_system - INFO - [system_manager.py:272] -   ✅ ConfigManager inicializado
2025-10-23 22:14:31,378 - biometric_gesture_system - INFO - [system_manager.py:276] - Inicializando componentes auxiliares (ROI, Feedback)...
2025-10-23 22:14:31,379 - biometric_gesture_system - ERROR - [system_manager.py:333] - ❌ Error Nivel 1: ROINormalizationSystem.__init__() takes 1 positional argument but 2 were given
Traceback (most recent call last):
  File "C:\Users\USER\Documents\biometric-gesture-system\backend\app\core\system_manager.py", line 278, in _initialize_real_basic_components
    self.roi_normalizer = ROINormalizationSystem(self.config_manager)
                          ^^^^^^^^^^^^^^^^^^^^^^^^^^^^^^^^^^^^^^^^^^^
TypeError: ROINormalizationSystem.__init__() takes 1 positional argument but 2 were given
2025-10-23 22:14:31,379 - biometric_gesture_system - CRITICAL - [system_manager.py:187] - ❌ Fallo en Nivel 1: Error Nivel 1: ROINormalizationSystem.__init__() takes 1 positional argument but 2 were given
2025-10-23 22:14:31,379 - biometric_gesture_system - CRITICAL - [system_manager.py:875] - Fallo en la inicialización automática al obtener la instancia.
2025-10-23 22:14:31,380 - biometric_gesture_system - ERROR - [system_manager.py:164] - Error previo durante inicialización: Error Nivel 1: ROINormalizationSystem.__init__() takes 1 positional argument but 2 were given. No se reintentará automáticamente.
