2025-10-23 21:10:33,406 - biometric_gesture_system - INFO - [config_manager.py:504] - Validación de configuración: ✓ EXITOSA
2025-10-23 21:10:33,406 - biometric_gesture_system - INFO - [config_manager.py:317] - ================================================================================
2025-10-23 21:10:33,406 - biometric_gesture_system - INFO - [config_manager.py:318] - SISTEMA BIOMÉTRICO DE GESTOS DE MANOS - CONFIG MANAGER INICIALIZADO
2025-10-23 21:10:33,407 - biometric_gesture_system - INFO - [config_manager.py:319] - ================================================================================
2025-10-23 21:10:33,408 - biometric_gesture_system - INFO - [config_manager.py:320] - Configuración cargada desde: biometric_config.json
2025-10-23 21:10:33,408 - biometric_gesture_system - INFO - [config_manager.py:321] - Muestras por gesto: 7
2025-10-23 21:10:33,408 - biometric_gesture_system - INFO - [config_manager.py:322] - Gestos por usuario: 3
2025-10-23 21:10:33,408 - biometric_gesture_system - INFO - [config_manager.py:323] - Umbral confianza mano: 0.9
2025-10-23 21:10:33,408 - biometric_gesture_system - INFO - [config_manager.py:324] - Umbral confianza gesto: 0.6
2025-10-23 21:10:33,410 - biometric_gesture_system - INFO - [config_manager.py:325] - Resolución cámara: 1280x720
2025-10-23 21:10:33,410 - biometric_gesture_system - INFO - [config_manager.py:326] - Directorios creados: 11 rutas configuradas
2025-10-23 21:10:33,410 - biometric_gesture_system - INFO - [config_manager.py:327] - ================================================================================
2025-10-23 21:10:33,681 - biometric_gesture_system - INFO - [config_manager.py:630] - ======================================================================
2025-10-23 21:10:33,681 - biometric_gesture_system - INFO - [config_manager.py:630] - ROI NORMALIZATION SYSTEM INICIALIZADO
2025-10-23 21:10:33,683 - biometric_gesture_system - INFO - [config_manager.py:630] -   ✓ Resolución mínima: 150px
2025-10-23 21:10:33,683 - biometric_gesture_system - INFO - [config_manager.py:630] -   ✓ Resolución máxima: 600px
2025-10-23 21:10:33,683 - biometric_gesture_system - INFO - [config_manager.py:630] -   ✓ Tamaño normalizado: (224, 224)
2025-10-23 21:10:33,683 - biometric_gesture_system - INFO - [config_manager.py:630] -   ✓ Padding: 15%
2025-10-23 21:10:33,683 - biometric_gesture_system - INFO - [config_manager.py:630] -   ✓ Sharpening: ACTIVADO
2025-10-23 21:10:33,683 - biometric_gesture_system - INFO - [config_manager.py:630] - ======================================================================
2025-10-23 21:10:33,683 - biometric_gesture_system - INFO - [visual_feedback.py:62] - ======================================================================
2025-10-23 21:10:33,683 - biometric_gesture_system - INFO - [visual_feedback.py:63] - VISUAL FEEDBACK MANAGER INICIALIZADO
2025-10-23 21:10:33,684 - biometric_gesture_system - INFO - [visual_feedback.py:64] -   ✓ 5 niveles de feedback configurados
2025-10-23 21:10:33,684 - biometric_gesture_system - INFO - [visual_feedback.py:65] -   ✓ Colores BGR definidos
2025-10-23 21:10:33,684 - biometric_gesture_system - INFO - [visual_feedback.py:66] -   ✓ Sistema de priorización activo
2025-10-23 21:10:33,684 - biometric_gesture_system - INFO - [visual_feedback.py:67] - ======================================================================
2025-10-23 21:10:33,684 - biometric_gesture_system - INFO - [system_manager.py:138] - ================================================================================
2025-10-23 21:10:33,684 - biometric_gesture_system - INFO - [system_manager.py:139] - 🚀 BiometricSystemManager v2.0.0 Real Edition Iniciado
2025-10-23 21:10:33,685 - biometric_gesture_system - INFO - [system_manager.py:140] - 🏗️  Arquitectura: 15 Módulos + Main | 4 Capas Funcionales
2025-10-23 21:10:33,685 - biometric_gesture_system - INFO - [system_manager.py:141] - 🎯 Características: Redes siamesas, fusión multimodal, templates biométricos
2025-10-23 21:10:33,685 - biometric_gesture_system - INFO - [system_manager.py:142] - ================================================================================
2025-10-23 21:10:33,685 - biometric_gesture_system - INFO - [system_manager.py:194] - 
================================================================================
2025-10-23 21:10:33,685 - biometric_gesture_system - INFO - [system_manager.py:195] - 🔧 INICIANDO INICIALIZACIÓN PROGRESIVA DEL SISTEMA
2025-10-23 21:10:33,685 - biometric_gesture_system - INFO - [system_manager.py:196] - ================================================================================
2025-10-23 21:10:33,685 - biometric_gesture_system - INFO - [system_manager.py:156] - VERIFICANDO MÓDULOS DEL SISTEMA...
2025-10-23 21:10:33,685 - biometric_gesture_system - INFO - [system_manager.py:157] - ================================================================================
2025-10-23 21:10:33,687 - biometric_gesture_system - INFO - [system_manager.py:166] - ✅ ConfigManager
2025-10-23 21:10:33,687 - biometric_gesture_system - INFO - [system_manager.py:166] - ✅ CameraManager
2025-10-23 21:10:33,687 - biometric_gesture_system - INFO - [system_manager.py:166] - ✅ MediaPipeProcessor
2025-10-23 21:10:33,687 - biometric_gesture_system - INFO - [system_manager.py:166] - ✅ QualityValidator
2025-10-23 21:10:33,687 - biometric_gesture_system - INFO - [system_manager.py:166] - ✅ ReferenceAreaManager
2025-10-23 21:10:33,687 - biometric_gesture_system - INFO - [system_manager.py:166] - ✅ AnatomicalFeaturesExtractor
2025-10-23 21:10:33,687 - biometric_gesture_system - INFO - [system_manager.py:166] - ✅ RealDynamicFeaturesExtractor
2025-10-23 21:10:33,687 - biometric_gesture_system - INFO - [system_manager.py:166] - ✅ SequenceManager
2025-10-23 21:10:33,688 - biometric_gesture_system - INFO - [system_manager.py:166] - ✅ RealSiameseAnatomicalNetwork
2025-10-23 21:10:33,688 - biometric_gesture_system - INFO - [system_manager.py:166] - ✅ RealSiameseDynamicNetwork
2025-10-23 21:10:33,688 - biometric_gesture_system - INFO - [system_manager.py:166] - ✅ RealFeaturePreprocessor
2025-10-23 21:10:33,688 - biometric_gesture_system - INFO - [system_manager.py:166] - ✅ RealScoreFusionSystem
2025-10-23 21:10:33,688 - biometric_gesture_system - INFO - [system_manager.py:166] - ✅ BiometricDatabase
2025-10-23 21:10:33,688 - biometric_gesture_system - INFO - [system_manager.py:166] - ✅ RealEnrollmentSystem
2025-10-23 21:10:33,688 - biometric_gesture_system - INFO - [system_manager.py:166] - ✅ RealAuthenticationSystem
2025-10-23 21:10:33,689 - biometric_gesture_system - INFO - [system_manager.py:176] - 
✅ TODOS LOS 15 MÓDULOS DISPONIBLES
2025-10-23 21:10:33,689 - biometric_gesture_system - INFO - [system_manager.py:182] - ================================================================================
2025-10-23 21:10:33,689 - biometric_gesture_system - INFO - [system_manager.py:208] - 
🔧 NIVEL 1: Inicializando Componentes Básicos
2025-10-23 21:10:33,689 - biometric_gesture_system - INFO - [system_manager.py:209] - --------------------------------------------------------------------------------
2025-10-23 21:10:33,689 - biometric_gesture_system - INFO - [system_manager.py:286] - Inicializando Base de Datos...
2025-10-23 21:10:34,519 - biometric_gesture_system - INFO - [system_manager.py:296] - ✅ Base de datos lista: 1 usuarios registrados
2025-10-23 21:10:34,549 - biometric_gesture_system - INFO - [system_manager.py:216] - ✅ NIVEL 1 COMPLETADO: Componentes básicos listos

2025-10-23 21:10:34,550 - biometric_gesture_system - INFO - [system_manager.py:221] - 📊 NIVEL 2: Inicializando Extractores de Características
2025-10-23 21:10:34,550 - biometric_gesture_system - INFO - [system_manager.py:222] - --------------------------------------------------------------------------------
2025-10-23 21:10:34,550 - biometric_gesture_system - INFO - [system_manager.py:315] - --------------------------------------------------------------------------------
2025-10-23 21:10:34,550 - biometric_gesture_system - INFO - [system_manager.py:316] - 📊 NIVEL 2: Inicializando Extractores de Características
2025-10-23 21:10:34,550 - biometric_gesture_system - INFO - [system_manager.py:317] - --------------------------------------------------------------------------------
2025-10-23 21:10:34,551 - biometric_gesture_system - INFO - [system_manager.py:321] -   ✅ AnatomicalFeaturesExtractor inicializado
2025-10-23 21:10:34,551 - biometric_gesture_system - ERROR - [system_manager.py:325] - MediaPipeProcessor no está inicializado antes que DynamicFeaturesExtractor.
